<?xml version="1.0" encoding="UTF-8"?>
<!-- Generated by org.testng.reporters.JUnitReportReporter -->
<testsuite hostname="DESKTOP-6L4OOM7" failures="0" tests="6" name="Project.driverset" time="15.043" errors="0" timestamp="2024-08-18T15:43:49 IST" skipped="0">
  <testcase classname="Project.driverset" name="logintest" time="2.720"/>
  <system-out/>
  <testcase classname="Project.driverset" name="priorityl" time="0.432"/>
  <system-out/>
  <testcase classname="Project.driverset" name="addtocart" time="2.038"/>
  <system-out/>
  <testcase classname="Project.driverset" name="cartpage" time="1.706"/>
  <system-out/>
  <testcase classname="Project.driverset" name="checkout" time="4.043"/>
  <system-out/>
  <testcase classname="Project.driverset" name="logout" time="4.104"/>
  <system-out/>
</testsuite> <!-- Project.driverset -->
