<?xml version="1.0" encoding="UTF-8"?>
<!-- Generated by org.testng.reporters.JUnitReportReporter -->
<testsuite hostname="DESKTOP-6L4OOM7" failures="0" tests="3" name="testrun.functionality" time="36.505" errors="0" timestamp="2024-08-07T22:08:41 IST" skipped="0">
  <testcase classname="testrun.functionality" name="validate" time="7.283"/>
  <system-out/>
  <testcase classname="testrun.functionality" name="login" time="17.394"/>
  <system-out/>
  <testcase classname="testrun.functionality" name="lang" time="11.828"/>
  <system-out/>
</testsuite> <!-- testrun.functionality -->
