<?xml version="1.0" encoding="UTF-8"?>
<!-- Generated by org.testng.reporters.JUnitReportReporter -->
<testsuite hostname="DESKTOP-6L4OOM7" failures="0" tests="5" name="grouptest.grpTest1" time="0.043" errors="0" timestamp="2024-08-08T21:38:37 IST" skipped="0">
  <testcase classname="grouptest.grpTest1" name="demo3" time="0.008"/>
  <system-out/>
  <testcase classname="grouptest.grpTest1" name="demo2" time="0.003"/>
  <system-out/>
  <testcase classname="grouptest.grpTest1" name="demo4" time="0.002"/>
  <system-out/>
  <testcase classname="grouptest.grpTest1" name="demo5" time="0.006"/>
  <system-out/>
  <testcase classname="grouptest.grpTest1" name="demo1" time="0.024"/>
  <system-out/>
</testsuite> <!-- grouptest.grpTest1 -->
